2017-06-14 20:27:57,518  INFO SpringbootLog4jApplication:48 - Starting SpringbootLog4jApplication on zhoucong with PID 212 (G:\git\springboot-log4j\target\classes started by dell、 in G:\git\springboot-log4j)
2017-06-14 20:27:57,522  INFO SpringbootLog4jApplication:593 - No active profile set, falling back to default profiles: default
2017-06-14 20:27:57,572  INFO AnnotationConfigEmbeddedWebApplicationContext:583 - Refreshing org.springframework.boot.context.embedded.AnnotationConfigEmbeddedWebApplicationContext@de09048: startup date [Wed Jun 14 20:27:57 CST 2017]; root of context hierarchy
2017-06-14 20:27:57,909  INFO Version:30 - HV000001: Hibernate Validator 5.3.5.Final
2017-06-14 20:27:58,893  INFO TomcatEmbeddedServletContainer:89 - Tomcat initialized with port(s): 8080 (http)
2017-06-14 20:27:58,992  INFO ContextLoader:276 - Root WebApplicationContext: initialization completed in 1423 ms
2017-06-14 20:27:59,141  INFO ServletRegistrationBean:190 - Mapping servlet: 'dispatcherServlet' to [/]
2017-06-14 20:27:59,144  INFO FilterRegistrationBean:258 - Mapping filter: 'characterEncodingFilter' to: [/*]
2017-06-14 20:27:59,144  INFO FilterRegistrationBean:258 - Mapping filter: 'hiddenHttpMethodFilter' to: [/*]
2017-06-14 20:27:59,145  INFO FilterRegistrationBean:258 - Mapping filter: 'httpPutFormContentFilter' to: [/*]
2017-06-14 20:27:59,145  INFO FilterRegistrationBean:258 - Mapping filter: 'requestContextFilter' to: [/*]
2017-06-14 20:27:59,852  INFO RequestMappingHandlerAdapter:534 - Looking for @ControllerAdvice: org.springframework.boot.context.embedded.AnnotationConfigEmbeddedWebApplicationContext@de09048: startup date [Wed Jun 14 20:27:57 CST 2017]; root of context hierarchy
2017-06-14 20:27:59,922  INFO RequestMappingHandlerMapping:543 - Mapped "{[/getOneFriend]}" onto public com.example.demo.entity.Friend com.example.demo.controller.DemoController.getOneJsonFriend()
2017-06-14 20:27:59,925  INFO RequestMappingHandlerMapping:543 - Mapped "{[/error]}" onto public org.springframework.http.ResponseEntity<java.util.Map<java.lang.String, java.lang.Object>> org.springframework.boot.autoconfigure.web.BasicErrorController.error(javax.servlet.http.HttpServletRequest)
2017-06-14 20:27:59,925  INFO RequestMappingHandlerMapping:543 - Mapped "{[/error],produces=[text/html]}" onto public org.springframework.web.servlet.ModelAndView org.springframework.boot.autoconfigure.web.BasicErrorController.errorHtml(javax.servlet.http.HttpServletRequest,javax.servlet.http.HttpServletResponse)
2017-06-14 20:27:59,952  INFO SimpleUrlHandlerMapping:362 - Mapped URL path [/webjars/**] onto handler of type [class org.springframework.web.servlet.resource.ResourceHttpRequestHandler]
2017-06-14 20:27:59,952  INFO SimpleUrlHandlerMapping:362 - Mapped URL path [/**] onto handler of type [class org.springframework.web.servlet.resource.ResourceHttpRequestHandler]
2017-06-14 20:27:59,990  INFO SimpleUrlHandlerMapping:362 - Mapped URL path [/**/favicon.ico] onto handler of type [class org.springframework.web.servlet.resource.ResourceHttpRequestHandler]
2017-06-14 20:28:00,309  INFO AnnotationMBeanExporter:431 - Registering beans for JMX exposure on startup
2017-06-14 20:28:00,390  INFO TomcatEmbeddedServletContainer:201 - Tomcat started on port(s): 8080 (http)
2017-06-14 20:28:00,395  INFO SpringbootLog4jApplication:57 - Started SpringbootLog4jApplication in 3.109 seconds (JVM running for 3.592)
2017-06-14 20:28:47,813  INFO DispatcherServlet:489 - FrameworkServlet 'dispatcherServlet': initialization started
2017-06-14 20:28:47,828  INFO DispatcherServlet:508 - FrameworkServlet 'dispatcherServlet': initialization completed in 14 ms
2017-06-14 20:28:48,064  INFO DemoController:23 - ####log4j的测试####
2017-06-14 20:28:48,065  INFO DemoController:24 - ####第一次测试####
2017-06-14 20:28:48,065  INFO DemoController:25 - ####我是家用电脑####,master更改
2017-06-14 20:28:48,065  INFO DemoController:26 - ####我是家用电脑第三次修改测试并提交####
2017-06-14 20:28:48,065  INFO DemoController:27 - ####我是dev####,在github上第一次更改
